<?xml version="1.0" encoding="UTF-8"?>
<!-- Generated by org.testng.reporters.JUnitReportReporter -->
<testsuite hostname="User" failures="0" tests="5" name="testPkg.SearchFunctionalityTest" time="93.738" errors="0" timestamp="2022-10-02T11:44:40 EDT" skipped="0">
  <testcase classname="testPkg.SearchFunctionalityTest" name="negativeSearchFunctionalityTest" time="16.985"/>
  <system-out/>
  <testcase classname="testPkg.SearchFunctionalityTest" name="positiveSearchFunctionalityTest" time="14.720"/>
  <system-out/>
  <testcase classname="testPkg.SearchFunctionalityTest" name="positiveSearchFunctionalityTest" time="22.861"/>
  <system-out/>
  <testcase classname="testPkg.SearchFunctionalityTest" name="positiveSearchFunctionalityTest" time="19.144"/>
  <system-out/>
  <testcase classname="testPkg.SearchFunctionalityTest" name="negativeSearchFunctionalityTest" time="20.028"/>
  <system-out/>
</testsuite> <!-- testPkg.SearchFunctionalityTest -->
